{"name": "TC#2 - Verify that 2-1 is not equal to 1", "status": "failed", "statusDetails": {"message": "AssertionError: assert (2 - 1) != 1", "trace": "@allure.title(\"TC#2 - Verify that 2-1 is not equal to 1\")\n    @allure.description(\"This is a smoke Testcase - Verify that 2-1 is not equal to 1\")\n    @pytest.mark.sanity\n    def test_sub_2():\n>       assert 2 - 1 != 1\nE       assert (2 - 1) != 1\n\nEx_02_July\\test_Lab181.py:30: AssertionError"}, "description": "This is a smoke Testcase - Verify that 2-1 is not equal to 1", "start": 1722155845365, "stop": 1722155845365, "uuid": "e262e274-3707-4413-bd38-e26615c471d9", "historyId": "da1bbeaa6bc7551473f8c092e728c530", "testCaseId": "da1bbeaa6bc7551473f8c092e728c530", "fullName": "Ex_02_July.test_Lab181#test_sub_2", "labels": [{"name": "tag", "value": "sanity"}, {"name": "parentSuite", "value": "Ex_02_July"}, {"name": "suite", "value": "test_Lab181"}, {"name": "host", "value": "UH-X"}, {"name": "thread", "value": "10336-MainThread"}, {"name": "framework", "value": "pytest"}, {"name": "language", "value": "cpython3"}, {"name": "package", "value": "Ex_02_July.test_Lab181"}]}